This is pdfTeX, Version 3.1415926-2.5-1.40.14 (TeX Live 2013/Arch Linux) (format=pdflatex 2013.10.14)  20 JAN 2014 15:35
entering extended mode
 restricted \write18 enabled.
 %&-line parsing enabled.
**problem3.tex
(./problem3.tex
LaTeX2e <2011/06/27>
Babel <3.9f> and hyphenation patterns for 78 languages loaded.
(/usr/share/texmf-dist/tex/latex/aastex/aastex.cls
Document Class: aastex 2005/06/22 5.2/AAS markup document class
Class aastex Info: Original \LaTeX2.09 style by Chris Biemesderfer (chris@seago
at.com). Adapted to \LaTeXe by A. Ogawa (ogawa@teleport.com) on input line 83.
(/usr/share/texmf-dist/tex/latex/base/article.cls
Document Class: article 2007/10/19 v1.4h Standard LaTeX document class
(/usr/share/texmf-dist/tex/latex/base/size11.clo
File: size11.clo 2007/10/19 v1.4h Standard LaTeX file (size option)
)
\c@part=\count79
\c@section=\count80
\c@subsection=\count81
\c@subsubsection=\count82
\c@paragraph=\count83
\c@subparagraph=\count84
\c@figure=\count85
\c@table=\count86
\abovecaptionskip=\skip41
\belowcaptionskip=\skip42
\bibindent=\dimen102
)
(/usr/share/texmf-dist/tex/latex/base/latexsym.sty
Package: latexsym 1998/08/17 v2.2e Standard LaTeX package (lasy symbols)
\symlasy=\mathgroup4
LaTeX Font Info:    Overwriting symbol font `lasy' in version `bold'
(Font)                  U/lasy/m/n --> U/lasy/b/n on input line 47.
)
(/usr/share/texmf-dist/tex/latex/graphics/graphicx.sty
Package: graphicx 1999/02/16 v1.0f Enhanced LaTeX Graphics (DPC,SPQR)

(/usr/share/texmf-dist/tex/latex/graphics/keyval.sty
Package: keyval 1999/03/16 v1.13 key=value parser (DPC)
\KV@toks@=\toks14
)
(/usr/share/texmf-dist/tex/latex/graphics/graphics.sty
Package: graphics 2009/02/05 v1.0o Standard LaTeX Graphics (DPC,SPQR)

(/usr/share/texmf-dist/tex/latex/graphics/trig.sty
Package: trig 1999/03/16 v1.09 sin cos tan (DPC)
)
(/usr/share/texmf-dist/tex/latex/latexconfig/graphics.cfg
File: graphics.cfg 2010/04/23 v1.9 graphics configuration of TeX Live
)
Package graphics Info: Driver file: pdftex.def on input line 91.

(/usr/share/texmf-dist/tex/latex/pdftex-def/pdftex.def
File: pdftex.def 2011/05/27 v0.06d Graphics/color for pdfTeX

(/usr/share/texmf-dist/tex/generic/oberdiek/infwarerr.sty
Package: infwarerr 2010/04/08 v1.3 Providing info/warning/error messages (HO)
)
(/usr/share/texmf-dist/tex/generic/oberdiek/ltxcmds.sty
Package: ltxcmds 2011/11/09 v1.22 LaTeX kernel commands for general use (HO)
)
\Gread@gobject=\count87
))
\Gin@req@height=\dimen103
\Gin@req@width=\dimen104
)
(/usr/share/texmf-dist/tex/latex/amsfonts/amssymb.sty
Package: amssymb 2013/01/14 v3.01 AMS font symbols

(/usr/share/texmf-dist/tex/latex/amsfonts/amsfonts.sty
Package: amsfonts 2013/01/14 v3.01 Basic AMSFonts support
\@emptytoks=\toks15
\symAMSa=\mathgroup5
\symAMSb=\mathgroup6
LaTeX Font Info:    Overwriting math alphabet `\mathfrak' in version `bold'
(Font)                  U/euf/m/n --> U/euf/b/n on input line 106.
))
(/usr/share/texmf-dist/tex/latex/natbib/natbib.sty
Package: natbib 2010/09/13 8.31b (PWD, AO)
\bibhang=\skip43
\bibsep=\skip44
LaTeX Info: Redefining \cite on input line 694.
\c@NAT@ctr=\count88
)
(/usr/share/texmf-dist/tex/latex/tools/verbatim.sty
Package: verbatim 2003/08/22 v1.5q LaTeX2e package for verbatim enhancements
\every@verbatim=\toks16
\verbatim@line=\toks17
\verbatim@in@stream=\read1
)
\@slugcmmntwidth=\dimen105
\abstract@box=\box26
\c@editornote=\count89
\c@cureqno=\count90
\tnotemarkskip=\skip45
\@abovenoteskip=\dimen106
\pt@box=\box27
\pt@width=\dimen107
\pt@line=\count91
\pt@column=\count92
\pt@nlines=\count93
\pt@ncol=\count94
\pt@page=\count95
\tabbaseskip=\dimen108
\pt@tmpcapwidth=\dimen109
\spew@tblnotesbox=\box28
\restof@tblnotesbox=\box29
\noteheight=\dimen110
\pt@tabnoteminht=\dimen111
\firsttabskip=\dimen112
\captionbox=\box30
\pt@reduceline=\dimen113
\extra@vspace=\dimen114
\c@plate=\count96
\my@footins=\box31
)
(/usr/share/texmf-dist/tex/latex/amsmath/amsmath.sty
Package: amsmath 2013/01/14 v2.14 AMS math features
\@mathmargin=\skip46

For additional information on amsmath, use the `?' option.
(/usr/share/texmf-dist/tex/latex/amsmath/amstext.sty
Package: amstext 2000/06/29 v2.01

(/usr/share/texmf-dist/tex/latex/amsmath/amsgen.sty
File: amsgen.sty 1999/11/30 v2.0
\@emptytoks=\toks18
\ex@=\dimen115
))
(/usr/share/texmf-dist/tex/latex/amsmath/amsbsy.sty
Package: amsbsy 1999/11/29 v1.2d
\pmbraise@=\dimen116
)
(/usr/share/texmf-dist/tex/latex/amsmath/amsopn.sty
Package: amsopn 1999/12/14 v2.01 operator names
)
\inf@bad=\count97
LaTeX Info: Redefining \frac on input line 210.
\uproot@=\count98
\leftroot@=\count99
LaTeX Info: Redefining \overline on input line 306.
\classnum@=\count100
\DOTSCASE@=\count101
LaTeX Info: Redefining \ldots on input line 378.
LaTeX Info: Redefining \dots on input line 381.
LaTeX Info: Redefining \cdots on input line 466.
\Mathstrutbox@=\box32
\strutbox@=\box33
\big@size=\dimen117
LaTeX Font Info:    Redeclaring font encoding OML on input line 566.
LaTeX Font Info:    Redeclaring font encoding OMS on input line 567.
\macc@depth=\count102
\c@MaxMatrixCols=\count103
\dotsspace@=\muskip10
\c@parentequation=\count104
\dspbrk@lvl=\count105
\tag@help=\toks19
\row@=\count106
\column@=\count107
\maxfields@=\count108
\andhelp@=\toks20
\eqnshift@=\dimen118
\alignsep@=\dimen119
\tagshift@=\dimen120
\tagwidth@=\dimen121
\totwidth@=\dimen122
\lineht@=\dimen123
\@envbody=\toks21
\multlinegap=\skip47
\multlinetaggap=\skip48
\mathdisplay@stack=\toks22
LaTeX Info: Redefining \[ on input line 2665.
LaTeX Info: Redefining \] on input line 2666.
)
(/usr/share/texmf-dist/tex/latex/amscls/amsthm.sty
Package: amsthm 2004/08/06 v2.20
\thm@style=\toks23
\thm@bodyfont=\toks24
\thm@headfont=\toks25
\thm@notefont=\toks26
\thm@headpunct=\toks27
\thm@preskip=\skip49
\thm@postskip=\skip50
\thm@headsep=\skip51
\dth@everypar=\toks28
)
(/usr/share/texmf-dist/tex/latex/mh/breqn.sty
(/usr/share/texmf-dist/tex/latex/l3kernel/expl3.sty
(/usr/share/texmf-dist/tex/latex/l3kernel/l3names.sty
(/usr/share/texmf-dist/tex/latex/l3kernel/l3bootstrap.sty
Package: l3bootstrap 2013/07/28 v4581 L3 Experimental bootstrap code
)
Package: l3names 2012/12/07 v4346 L3 Namespace for primitives
)
(/usr/share/texmf-dist/tex/latex/etex-pkg/etex.sty
Package: etex 1998/03/26 v2.0 eTeX basic definition package (PEB)
\et@xins=\count109
)
Package: expl3 2013/07/28 v4582 L3 Experimental code bundle wrapper

(/usr/share/texmf-dist/tex/latex/l3kernel/l3basics.sty
Package: l3basics 2013/07/28 v4581 L3 Basic definitions
)
(/usr/share/texmf-dist/tex/latex/l3kernel/l3expan.sty
Package: l3expan 2013/07/24 v4565 L3 Argument expansion
)
(/usr/share/texmf-dist/tex/latex/l3kernel/l3tl.sty
Package: l3tl 2013/07/28 v4581 L3 Token lists
)
(/usr/share/texmf-dist/tex/latex/l3kernel/l3seq.sty
Package: l3seq 2013/07/28 v4581 L3 Sequences and stacks
)
(/usr/share/texmf-dist/tex/latex/l3kernel/l3int.sty
Package: l3int 2013/07/28 v4581 L3 Integers
\c_max_int=\count110
\l_tmpa_int=\count111
\l_tmpb_int=\count112
\g_tmpa_int=\count113
\g_tmpb_int=\count114
)
(/usr/share/texmf-dist/tex/latex/l3kernel/l3quark.sty
Package: l3quark 2013/07/21 v4564 L3 Quarks
)
(/usr/share/texmf-dist/tex/latex/l3kernel/l3prg.sty
Package: l3prg 2013/07/28 v4581 L3 Control structures
\g__prg_map_int=\count115
)
(/usr/share/texmf-dist/tex/latex/l3kernel/l3clist.sty
Package: l3clist 2013/07/28 v4581 L3 Comma separated lists
)
(/usr/share/texmf-dist/tex/latex/l3kernel/l3token.sty
Package: l3token 2013/07/28 v4581 L3 Experimental token manipulation
)
(/usr/share/texmf-dist/tex/latex/l3kernel/l3prop.sty
Package: l3prop 2013/07/28 v4581 L3 Property lists
)
(/usr/share/texmf-dist/tex/latex/l3kernel/l3msg.sty
Package: l3msg 2013/07/28 v4581 L3 Messages
)
(/usr/share/texmf-dist/tex/latex/l3kernel/l3file.sty
Package: l3file 2013/07/28 v4581 L3 File and I/O operations
\l_iow_line_count_int=\count116
\l__iow_target_count_int=\count117
\l__iow_current_line_int=\count118
\l__iow_current_word_int=\count119
\l__iow_current_indentation_int=\count120
)
(/usr/share/texmf-dist/tex/latex/l3kernel/l3skip.sty
Package: l3skip 2013/07/28 v4581 L3 Dimensions and skips
\c_zero_dim=\dimen124
\c_max_dim=\dimen125
\l_tmpa_dim=\dimen126
\l_tmpb_dim=\dimen127
\g_tmpa_dim=\dimen128
\g_tmpb_dim=\dimen129
\c_zero_skip=\skip52
\c_max_skip=\skip53
\l_tmpa_skip=\skip54
\l_tmpb_skip=\skip55
\g_tmpa_skip=\skip56
\g_tmpb_skip=\skip57
\c_zero_muskip=\muskip11
\c_max_muskip=\muskip12
\l_tmpa_muskip=\muskip13
\l_tmpb_muskip=\muskip14
\g_tmpa_muskip=\muskip15
\g_tmpb_muskip=\muskip16
)
(/usr/share/texmf-dist/tex/latex/l3kernel/l3keys.sty
Package: l3keys 2013/07/28 v4581 L3 Experimental key-value interfaces
\g__keyval_level_int=\count121
\l_keys_choice_int=\count122
)
(/usr/share/texmf-dist/tex/latex/l3kernel/l3fp.sty
Package: l3fp 2013/07/09 v4521 L3 Floating points
\c__fp_leading_shift_int=\count123
\c__fp_middle_shift_int=\count124
\c__fp_trailing_shift_int=\count125
\c__fp_big_leading_shift_int=\count126
\c__fp_big_middle_shift_int=\count127
\c__fp_big_trailing_shift_int=\count128
\c__fp_Bigg_leading_shift_int=\count129
\c__fp_Bigg_middle_shift_int=\count130
\c__fp_Bigg_trailing_shift_int=\count131
)
(/usr/share/texmf-dist/tex/latex/l3kernel/l3box.sty
Package: l3box 2013/07/28 v4581 L3 Experimental boxes
\c_empty_box=\box34
\l_tmpa_box=\box35
\l_tmpb_box=\box36
\g_tmpa_box=\box37
\g_tmpb_box=\box38
)
(/usr/share/texmf-dist/tex/latex/l3kernel/l3coffins.sty
Package: l3coffins 2012/09/09 v4212 L3 Coffin code layer
\l__coffin_internal_box=\box39
\l__coffin_internal_dim=\dimen130
\l__coffin_offset_x_dim=\dimen131
\l__coffin_offset_y_dim=\dimen132
\l__coffin_x_dim=\dimen133
\l__coffin_y_dim=\dimen134
\l__coffin_x_prime_dim=\dimen135
\l__coffin_y_prime_dim=\dimen136
\c_empty_coffin=\box40
\l__coffin_aligned_coffin=\box41
\l__coffin_aligned_internal_coffin=\box42
\l_tmpa_coffin=\box43
\l_tmpb_coffin=\box44
\l__coffin_display_coffin=\box45
\l__coffin_display_coord_coffin=\box46
\l__coffin_display_pole_coffin=\box47
\l__coffin_display_offset_dim=\dimen137
\l__coffin_display_x_dim=\dimen138
\l__coffin_display_y_dim=\dimen139
)
(/usr/share/texmf-dist/tex/latex/l3kernel/l3color.sty
Package: l3color 2012/08/29 v4156 L3 Experimental color support
)
(/usr/share/texmf-dist/tex/latex/l3kernel/l3luatex.sty
Package: l3luatex 2013/07/28 v4581 L3 Experimental LuaTeX-specific functions
\g__cctab_allocate_int=\count132
\g__cctab_stack_int=\count133
)
(/usr/share/texmf-dist/tex/latex/l3kernel/l3candidates.sty
Package: l3candidates 2013/07/24 v4576 L3 Experimental additions to l3kernel
\l__box_top_dim=\dimen140
\l__box_bottom_dim=\dimen141
\l__box_left_dim=\dimen142
\l__box_right_dim=\dimen143
\l__box_top_new_dim=\dimen144
\l__box_bottom_new_dim=\dimen145
\l__box_left_new_dim=\dimen146
\l__box_right_new_dim=\dimen147
\l__box_internal_box=\box48
\l__coffin_bounding_shift_dim=\dimen148
\l__coffin_left_corner_dim=\dimen149
\l__coffin_right_corner_dim=\dimen150
\l__coffin_bottom_corner_dim=\dimen151
\l__coffin_top_corner_dim=\dimen152
\l__coffin_scaled_total_height_dim=\dimen153
\l__coffin_scaled_width_dim=\dimen154
)
(/usr/share/texmf-dist/tex/generic/oberdiek/ifpdf.sty
Package: ifpdf 2011/01/30 v2.3 Provides the ifpdf switch (HO)
Package ifpdf Info: pdfTeX in PDF mode is detected.
))
Package: breqn 2012/05/10 v0.98b Breaking equations

(/usr/share/texmf-dist/tex/latex/mh/flexisym.sty
Package: flexisym 2013/03/16 v0.97c Make math characters macros
LaTeX Info: Redefining \textprime on input line 296.
LaTeX Info: Redefining \not on input line 354.

(/usr/share/texmf-dist/tex/latex/mh/cmbase.sym
File: cmbase.sym 2007/12/19 v0.92
LaTeX Info: Redefining \hbar on input line 323.
LaTeX Info: Redefining \surd on input line 325.
LaTeX Info: Redefining \angle on input line 333.
LaTeX Info: Redefining \neq on input line 334.
LaTeX Info: Redefining \mapsto on input line 335.
LaTeX Info: Redefining \cong on input line 336.
LaTeX Info: Redefining \notin on input line 339.
LaTeX Info: Redefining \rightleftharpoons on input line 340.
LaTeX Info: Redefining \doteq on input line 341.
LaTeX Info: Redefining \hookrightarrow on input line 342.
LaTeX Info: Redefining \hookleftarrow on input line 343.
LaTeX Info: Redefining \bowtie on input line 344.
LaTeX Info: Redefining \models on input line 345.
LaTeX Info: Redefining \Longrightarrow on input line 346.
LaTeX Info: Redefining \longrightarrow on input line 347.
LaTeX Info: Redefining \Longleftarrow on input line 348.
LaTeX Info: Redefining \longleftarrow on input line 349.
LaTeX Info: Redefining \longmapsto on input line 350.
LaTeX Info: Redefining \longleftrightarrow on input line 351.
LaTeX Info: Redefining \Longleftrightarrow on input line 352.
LaTeX Info: Redefining \cdots on input line 356.
LaTeX Info: Redefining \vdots on input line 359.
LaTeX Info: Redefining \ddots on input line 364.
)
(/usr/share/texmf-dist/tex/latex/mh/mathstyle.sty
Package: mathstyle 2011/08/03 v0.90 Tracking mathstyle implicitly
LaTeX Info: Redefining \displaystyle on input line 81.
LaTeX Info: Redefining \textstyle on input line 83.
LaTeX Info: Redefining \scriptstyle on input line 85.
LaTeX Info: Redefining \scriptscriptstyle on input line 87.
LaTeX Info: Redefining \genfrac on input line 121.
))
(/usr/share/texmf-dist/tex/latex/tools/calc.sty
Package: calc 2007/08/22 v4.3 Infix arithmetic (KKT,FJ)
\calc@Acount=\count134
\calc@Bcount=\count135
\calc@Adimen=\dimen155
\calc@Bdimen=\dimen156
\calc@Askip=\skip58
\calc@Bskip=\skip59
LaTeX Info: Redefining \setlength on input line 76.
LaTeX Info: Redefining \addtolength on input line 77.
\calc@Ccount=\count136
\calc@Cskip=\skip60
)
\inf@bad=\count137
\maxint=\count138
\listwidth=\dimen157
\eqnumsep=\dimen158
\eqmargin=\dimen159
\eqlinespacing=\skip61
\eqlineskip=\skip62
\eqlineskiplimit=\dimen160
\eqbinoffset=\muskip17
\eqdelimoffset=\muskip18
\eqindentstep=\dimen161
\eqstyle=\toks29
\eqbreakdepth=\count139
\eqinterlinepenalty=\count140
\intereqpenalty=\count141
\intereqskip=\skip63
\prerelpenalty=\count142
\prebinoppenalty=\count143
\Dmedmuskip=\muskip19
\Dthickmuskip=\muskip20
\eqleftskip=\skip64
\eqrightskip=\skip65
\eq@vspan=\skip66
\eq@binoffset=\muskip21
\EQ@box=\box49
\EQ@copy=\box50
\EQ@numbox=\box51
\eq@wdNum=\dimen162
\GRP@numbox=\box52
\grp@wdNum=\dimen163
\eq@lines=\count144
\eq@curline=\count145
\eq@badness=\count146
\EQ@vims=\count147
\eq@dp=\dimen164
\eq@wdL=\dimen165
\eq@wdT=\dimen166
\eq@wdMin=\dimen167
\grp@wdL=\dimen168
\grp@wdR=\dimen169
\grp@wdT=\dimen170
\eq@wdRmax=\dimen171
\eq@firstht=\dimen172
\eq@wdCond=\dimen173
\eq@indentstep=\dimen174
\eq@linewidth=\dimen175
\grp@linewidth=\dimen176
\eq@hshift=\dimen177
\eq@given@sidespace=\dimen178
\mathindent=\dimen179
\eq@final@linecount=\count148
\eq@wdR=\dimen180
\EQ@continue=\toks30
\lr@level=\count149
\GRP@queue=\toks31
\GRP@box=\box53
\GRP@wholebox=\box54
\darraycolsep=\skip67
\cur@row=\count150
\cur@col=\count151
\conditionsep=\skip68
)
(/usr/share/texmf-dist/tex/latex/float/float.sty
Package: float 2001/11/08 v1.3d Float enhancements (AL)
\c@float@type=\count152
\float@exts=\toks32
\float@box=\box55
\@float@everytoks=\toks33
\@floatcapt=\box56
)
(/usr/share/texmf-dist/tex/latex/sttools/stfloats.sty
Package: stfloats 2012/05/29 v1.1 Improve float mechanism and baselineskip sett
ings
\@dblbotnum=\count153
\c@dblbotnumber=\count154
)
(/usr/share/texmf-dist/tex/latex/tools/enumerate.sty
Package: enumerate 1999/03/05 v3.00 enumerate extensions (DPC)
\@enLab=\toks34
)
(/usr/share/texmf-dist/tex/latex/tools/bm.sty
Package: bm 2004/02/26 v1.1c Bold Symbol Support (DPC/FMi)
\symboldoperators=\mathgroup7
\symboldletters=\mathgroup8
\symboldsymbols=\mathgroup9
\symboldlasy=\mathgroup10
LaTeX Font Info:    Redeclaring math alphabet \mathbf on input line 138.
LaTeX Info: Redefining \bm on input line 204.
) (./problem3.aux)
\openout1 = `problem3.aux'.

LaTeX Font Info:    Checking defaults for OML/cmm/m/it on input line 16.
LaTeX Font Info:    ... okay on input line 16.
LaTeX Font Info:    Checking defaults for T1/cmr/m/n on input line 16.
LaTeX Font Info:    ... okay on input line 16.
LaTeX Font Info:    Checking defaults for OT1/cmr/m/n on input line 16.
LaTeX Font Info:    ... okay on input line 16.
LaTeX Font Info:    Checking defaults for OMS/cmsy/m/n on input line 16.
LaTeX Font Info:    ... okay on input line 16.
LaTeX Font Info:    Checking defaults for OMX/cmex/m/n on input line 16.
LaTeX Font Info:    ... okay on input line 16.
LaTeX Font Info:    Checking defaults for U/cmr/m/n on input line 16.
LaTeX Font Info:    ... okay on input line 16.

(/usr/share/texmf-dist/tex/context/base/supp-pdf.mkii
[Loading MPS to PDF converter (version 2006.09.02).]
\scratchcounter=\count155
\scratchdimen=\dimen181
\scratchbox=\box57
\nofMPsegments=\count156
\nofMParguments=\count157
\everyMPshowfont=\toks35
\MPscratchCnt=\count158
\MPscratchDim=\dimen182
\MPnumerator=\count159
\makeMPintoPDFobject=\count160
\everyMPtoPDFconversion=\toks36
) (/usr/share/texmf-dist/tex/generic/oberdiek/pdftexcmds.sty
Package: pdftexcmds 2011/11/29 v0.20 Utility functions of pdfTeX for LuaTeX (HO
)

(/usr/share/texmf-dist/tex/generic/oberdiek/ifluatex.sty
Package: ifluatex 2010/03/01 v1.3 Provides the ifluatex switch (HO)
Package ifluatex Info: LuaTeX not detected.
)
Package pdftexcmds Info: LuaTeX not detected.
Package pdftexcmds Info: \pdf@primitive is available.
Package pdftexcmds Info: \pdf@ifprimitive is available.
Package pdftexcmds Info: \pdfdraftmode found.
)
(/usr/share/texmf-dist/tex/latex/oberdiek/epstopdf-base.sty
Package: epstopdf-base 2010/02/09 v2.5 Base part for package epstopdf

(/usr/share/texmf-dist/tex/latex/oberdiek/grfext.sty
Package: grfext 2010/08/19 v1.1 Manage graphics extensions (HO)

(/usr/share/texmf-dist/tex/generic/oberdiek/kvdefinekeys.sty
Package: kvdefinekeys 2011/04/07 v1.3 Define keys (HO)
))
(/usr/share/texmf-dist/tex/latex/oberdiek/kvoptions.sty
Package: kvoptions 2011/06/30 v3.11 Key value format for package options (HO)

(/usr/share/texmf-dist/tex/generic/oberdiek/kvsetkeys.sty
Package: kvsetkeys 2012/04/25 v1.16 Key value parser (HO)

(/usr/share/texmf-dist/tex/generic/oberdiek/etexcmds.sty
Package: etexcmds 2011/02/16 v1.5 Avoid name clashes with e-TeX commands (HO)
Package etexcmds Info: Could not find \expanded.
(etexcmds)             That can mean that you are not using pdfTeX 1.50 or
(etexcmds)             that some package has redefined \expanded.
(etexcmds)             In the latter case, load this package earlier.
)))
Package grfext Info: Graphics extension search list:
(grfext)             [.png,.pdf,.jpg,.mps,.jpeg,.jbig2,.jb2,.PNG,.PDF,.JPG,.JPE
G,.JBIG2,.JB2,.eps]
(grfext)             \AppendGraphicsExtensions on input line 452.

(/usr/share/texmf-dist/tex/latex/latexconfig/epstopdf-sys.cfg
File: epstopdf-sys.cfg 2010/07/13 v1.3 Configuration of (r)epstopdf for TeX Liv
e
))
AAS preprint substyle, v5.2 <12 Dec 2003>.
LaTeX Font Info:    Try loading font information for U+lasy on input line 26.
(/usr/share/texmf-dist/tex/latex/base/ulasy.fd
File: ulasy.fd 1998/08/17 v2.2e LaTeX symbol font definitions
)
LaTeX Font Info:    Try loading font information for U+msa on input line 26.

(/usr/share/texmf-dist/tex/latex/amsfonts/umsa.fd
File: umsa.fd 2013/01/14 v3.01 AMS symbols A
)
LaTeX Font Info:    Try loading font information for U+msb on input line 26.

(/usr/share/texmf-dist/tex/latex/amsfonts/umsb.fd
File: umsb.fd 2013/01/14 v3.01 AMS symbols B
)
LaTeX Font Info:    Font shape `U/lasy/b/n' in size <8> not available
(Font)              Font shape `U/lasy/m/n' tried instead on input line 26.
LaTeX Font Info:    Font shape `U/lasy/b/n' in size <6> not available
(Font)              Font shape `U/lasy/m/n' tried instead on input line 26.
 [1

{/var/lib/texmf/fonts/map/pdftex/updmap/pdftex.map}] (./problem3.aux) ) 
Here is how much of TeX's memory you used:
 9320 strings out of 493311
 145960 string characters out of 6143649
 200833 words of memory out of 5000000
 12617 multiletter control sequences out of 15000+600000
 12255 words of font info for 48 fonts, out of 8000000 for 9000
 957 hyphenation exceptions out of 8191
 38i,7n,35p,290b,255s stack positions out of 5000i,500n,10000p,200000b,80000s
</usr/sh
are/texmf-dist/fonts/type1/public/amsfonts/cm/cmbx10.pfb></usr/share/texmf-dist
/fonts/type1/public/amsfonts/cm/cmbx12.pfb></usr/share/texmf-dist/fonts/type1/p
ublic/amsfonts/cm/cmex10.pfb></usr/share/texmf-dist/fonts/type1/public/amsfonts
/cm/cmmi10.pfb></usr/share/texmf-dist/fonts/type1/public/amsfonts/cm/cmr10.pfb>
</usr/share/texmf-dist/fonts/type1/public/amsfonts/cm/cmr8.pfb></usr/share/texm
f-dist/fonts/type1/public/amsfonts/cm/cmsy10.pfb></usr/share/texmf-dist/fonts/t
ype1/public/amsfonts/cm/cmsy8.pfb></usr/share/texmf-dist/fonts/type1/public/ams
fonts/cm/cmtt10.pfb>
Output written on problem3.pdf (1 page, 89419 bytes).
PDF statistics:
 44 PDF objects out of 1000 (max. 8388607)
 31 compressed objects within 1 object stream
 0 named destinations out of 1000 (max. 500000)
 1 words of extra memory for PDF output out of 10000 (max. 10000000)

